<?xml version="1.0" encoding="UTF-8"?>
<testsuites>
  <testsuite name="D:\class\Y3S3\SCC\Assignment2\laravel-chat-app\phpunit.xml" tests="76" assertions="238" errors="0" failures="0" skipped="0" time="4.933166">
    <testsuite name="Unit" tests="35" assertions="59" errors="0" failures="0" skipped="0" time="0.962593">
      <testsuite name="Tests\Unit\ChatModelTest" file="D:\class\Y3S3\SCC\Assignment2\laravel-chat-app\tests\Unit\ChatModelTest.php" tests="3" assertions="9" errors="0" failures="0" skipped="0" time="0.472607">
        <testcase name="it_defines_expected_fillable_and_casts" file="D:\class\Y3S3\SCC\Assignment2\laravel-chat-app\tests\Unit\ChatModelTest.php" line="15" class="Tests\Unit\ChatModelTest" classname="Tests.Unit.ChatModelTest" assertions="3" time="0.371683"/>
        <testcase name="relationships_sender_receiver_user_and_reply_work" file="D:\class\Y3S3\SCC\Assignment2\laravel-chat-app\tests\Unit\ChatModelTest.php" line="31" class="Tests\Unit\ChatModelTest" classname="Tests.Unit.ChatModelTest" assertions="4" time="0.046255"/>
        <testcase name="factory_states_seen_and_deleted_work" file="D:\class\Y3S3\SCC\Assignment2\laravel-chat-app\tests\Unit\ChatModelTest.php" line="50" class="Tests\Unit\ChatModelTest" classname="Tests.Unit.ChatModelTest" assertions="2" time="0.054669"/>
      </testsuite>
      <testsuite name="Tests\Unit\ChatRequestTest" file="D:\class\Y3S3\SCC\Assignment2\laravel-chat-app\tests\Unit\ChatRequestTest.php" tests="8" assertions="12" errors="0" failures="0" skipped="0" time="0.116788">
        <testcase name="message_is_required" file="D:\class\Y3S3\SCC\Assignment2\laravel-chat-app\tests\Unit\ChatRequestTest.php" line="17" class="Tests\Unit\ChatRequestTest" classname="Tests.Unit.ChatRequestTest" assertions="2" time="0.032333"/>
        <testcase name="message_must_be_string" file="D:\class\Y3S3\SCC\Assignment2\laravel-chat-app\tests\Unit\ChatRequestTest.php" line="27" class="Tests\Unit\ChatRequestTest" classname="Tests.Unit.ChatRequestTest" assertions="2" time="0.008938"/>
        <testcase name="valid_message_passes_validation" file="D:\class\Y3S3\SCC\Assignment2\laravel-chat-app\tests\Unit\ChatRequestTest.php" line="37" class="Tests\Unit\ChatRequestTest" classname="Tests.Unit.ChatRequestTest" assertions="1" time="0.005897"/>
        <testcase name="reply_id_is_optional" file="D:\class\Y3S3\SCC\Assignment2\laravel-chat-app\tests\Unit\ChatRequestTest.php" line="46" class="Tests\Unit\ChatRequestTest" classname="Tests.Unit.ChatRequestTest" assertions="1" time="0.008158"/>
        <testcase name="reply_id_must_be_integer" file="D:\class\Y3S3\SCC\Assignment2\laravel-chat-app\tests\Unit\ChatRequestTest.php" line="55" class="Tests\Unit\ChatRequestTest" classname="Tests.Unit.ChatRequestTest" assertions="2" time="0.012423"/>
        <testcase name="reply_id_must_exist_in_chats_table" file="D:\class\Y3S3\SCC\Assignment2\laravel-chat-app\tests\Unit\ChatRequestTest.php" line="68" class="Tests\Unit\ChatRequestTest" classname="Tests.Unit.ChatRequestTest" assertions="2" time="0.010845"/>
        <testcase name="valid_reply_id_passes_validation" file="D:\class\Y3S3\SCC\Assignment2\laravel-chat-app\tests\Unit\ChatRequestTest.php" line="81" class="Tests\Unit\ChatRequestTest" classname="Tests.Unit.ChatRequestTest" assertions="1" time="0.033938"/>
        <testcase name="authorize_returns_true" file="D:\class\Y3S3\SCC\Assignment2\laravel-chat-app\tests\Unit\ChatRequestTest.php" line="101" class="Tests\Unit\ChatRequestTest" classname="Tests.Unit.ChatRequestTest" assertions="1" time="0.004255"/>
      </testsuite>
      <testsuite name="Tests\Unit\HelperTest" file="D:\class\Y3S3\SCC\Assignment2\laravel-chat-app\tests\Unit\HelperTest.php" tests="10" assertions="10" errors="0" failures="0" skipped="0" time="0.052433">
        <testcase name="user_last_activity_status_returns_online_for_recent_activity" file="D:\class\Y3S3\SCC\Assignment2\laravel-chat-app\tests\Unit\HelperTest.php" line="12" class="Tests\Unit\HelperTest" classname="Tests.Unit.HelperTest" assertions="1" time="0.005101"/>
        <testcase name="user_last_activity_status_returns_online_for_current_time" file="D:\class\Y3S3\SCC\Assignment2\laravel-chat-app\tests\Unit\HelperTest.php" line="22" class="Tests\Unit\HelperTest" classname="Tests.Unit.HelperTest" assertions="1" time="0.004834"/>
        <testcase name="user_last_activity_status_returns_today_format_for_today" file="D:\class\Y3S3\SCC\Assignment2\laravel-chat-app\tests\Unit\HelperTest.php" line="32" class="Tests\Unit\HelperTest" classname="Tests.Unit.HelperTest" assertions="1" time="0.004073"/>
        <testcase name="user_last_activity_status_returns_yesterday_format_for_yesterday" file="D:\class\Y3S3\SCC\Assignment2\laravel-chat-app\tests\Unit\HelperTest.php" line="43" class="Tests\Unit\HelperTest" classname="Tests.Unit.HelperTest" assertions="1" time="0.004338"/>
        <testcase name="user_last_activity_status_returns_full_date_format_for_older_dates" file="D:\class\Y3S3\SCC\Assignment2\laravel-chat-app\tests\Unit\HelperTest.php" line="54" class="Tests\Unit\HelperTest" classname="Tests.Unit.HelperTest" assertions="1" time="0.007024"/>
        <testcase name="user_last_activity_status_returns_null_for_null_timestamp" file="D:\class\Y3S3\SCC\Assignment2\laravel-chat-app\tests\Unit\HelperTest.php" line="65" class="Tests\Unit\HelperTest" classname="Tests.Unit.HelperTest" assertions="1" time="0.005451"/>
        <testcase name="user_last_activity_status_boundary_test_at_five_seconds" file="D:\class\Y3S3\SCC\Assignment2\laravel-chat-app\tests\Unit\HelperTest.php" line="74" class="Tests\Unit\HelperTest" classname="Tests.Unit.HelperTest" assertions="1" time="0.005003"/>
        <testcase name="user_last_activity_status_boundary_test_at_six_seconds" file="D:\class\Y3S3\SCC\Assignment2\laravel-chat-app\tests\Unit\HelperTest.php" line="86" class="Tests\Unit\HelperTest" classname="Tests.Unit.HelperTest" assertions="1" time="0.005669"/>
        <testcase name="user_last_activity_status_boundary_test_at_four_seconds" file="D:\class\Y3S3\SCC\Assignment2\laravel-chat-app\tests\Unit\HelperTest.php" line="98" class="Tests\Unit\HelperTest" classname="Tests.Unit.HelperTest" assertions="1" time="0.005684"/>
        <testcase name="user_last_activity_status_handles_specific_date_formats" file="D:\class\Y3S3\SCC\Assignment2\laravel-chat-app\tests\Unit\HelperTest.php" line="109" class="Tests\Unit\HelperTest" classname="Tests.Unit.HelperTest" assertions="1" time="0.005257"/>
      </testsuite>
      <testsuite name="Tests\Unit\NewMessageEventTest" file="D:\class\Y3S3\SCC\Assignment2\laravel-chat-app\tests\Unit\NewMessageEventTest.php" tests="6" assertions="8" errors="0" failures="0" skipped="0" time="0.115038">
        <testcase name="new_message_event_has_message_property" file="D:\class\Y3S3\SCC\Assignment2\laravel-chat-app\tests\Unit\NewMessageEventTest.php" line="17" class="Tests\Unit\NewMessageEventTest" classname="Tests.Unit.NewMessageEventTest" assertions="1" time="0.040113"/>
        <testcase name="new_message_event_broadcasts_on_private_channel" file="D:\class\Y3S3\SCC\Assignment2\laravel-chat-app\tests\Unit\NewMessageEventTest.php" line="26" class="Tests\Unit\NewMessageEventTest" classname="Tests.Unit.NewMessageEventTest" assertions="3" time="0.031594"/>
        <testcase name="new_message_event_implements_should_broadcast_now" file="D:\class\Y3S3\SCC\Assignment2\laravel-chat-app\tests\Unit\NewMessageEventTest.php" line="42" class="Tests\Unit\NewMessageEventTest" classname="Tests.Unit.NewMessageEventTest" assertions="1" time="0.025604"/>
        <testcase name="new_message_event_uses_dispatchable_trait" file="D:\class\Y3S3\SCC\Assignment2\laravel-chat-app\tests\Unit\NewMessageEventTest.php" line="51" class="Tests\Unit\NewMessageEventTest" classname="Tests.Unit.NewMessageEventTest" assertions="1" time="0.005712"/>
        <testcase name="new_message_event_uses_interacts_with_sockets_trait" file="D:\class\Y3S3\SCC\Assignment2\laravel-chat-app\tests\Unit\NewMessageEventTest.php" line="60" class="Tests\Unit\NewMessageEventTest" classname="Tests.Unit.NewMessageEventTest" assertions="1" time="0.004872"/>
        <testcase name="new_message_event_uses_serializes_models_trait" file="D:\class\Y3S3\SCC\Assignment2\laravel-chat-app\tests\Unit\NewMessageEventTest.php" line="69" class="Tests\Unit\NewMessageEventTest" classname="Tests.Unit.NewMessageEventTest" assertions="1" time="0.007144"/>
      </testsuite>
      <testsuite name="Tests\Unit\ReadMessageEventTest" file="D:\class\Y3S3\SCC\Assignment2\laravel-chat-app\tests\Unit\ReadMessageEventTest.php" tests="6" assertions="8" errors="0" failures="0" skipped="0" time="0.124098">
        <testcase name="read_message_event_has_message_property" file="D:\class\Y3S3\SCC\Assignment2\laravel-chat-app\tests\Unit\ReadMessageEventTest.php" line="17" class="Tests\Unit\ReadMessageEventTest" classname="Tests.Unit.ReadMessageEventTest" assertions="1" time="0.040032"/>
        <testcase name="read_message_event_broadcasts_on_private_channel" file="D:\class\Y3S3\SCC\Assignment2\laravel-chat-app\tests\Unit\ReadMessageEventTest.php" line="26" class="Tests\Unit\ReadMessageEventTest" classname="Tests.Unit.ReadMessageEventTest" assertions="3" time="0.041246"/>
        <testcase name="read_message_event_implements_should_broadcast_now" file="D:\class\Y3S3\SCC\Assignment2\laravel-chat-app\tests\Unit\ReadMessageEventTest.php" line="42" class="Tests\Unit\ReadMessageEventTest" classname="Tests.Unit.ReadMessageEventTest" assertions="1" time="0.030261"/>
        <testcase name="read_message_event_uses_dispatchable_trait" file="D:\class\Y3S3\SCC\Assignment2\laravel-chat-app\tests\Unit\ReadMessageEventTest.php" line="51" class="Tests\Unit\ReadMessageEventTest" classname="Tests.Unit.ReadMessageEventTest" assertions="1" time="0.004259"/>
        <testcase name="read_message_event_uses_interacts_with_sockets_trait" file="D:\class\Y3S3\SCC\Assignment2\laravel-chat-app\tests\Unit\ReadMessageEventTest.php" line="60" class="Tests\Unit\ReadMessageEventTest" classname="Tests.Unit.ReadMessageEventTest" assertions="1" time="0.004247"/>
        <testcase name="read_message_event_uses_serializes_models_trait" file="D:\class\Y3S3\SCC\Assignment2\laravel-chat-app\tests\Unit\ReadMessageEventTest.php" line="69" class="Tests\Unit\ReadMessageEventTest" classname="Tests.Unit.ReadMessageEventTest" assertions="1" time="0.004052"/>
      </testsuite>
      <testsuite name="Tests\Unit\UserModelTest" file="D:\class\Y3S3\SCC\Assignment2\laravel-chat-app\tests\Unit\UserModelTest.php" tests="2" assertions="12" errors="0" failures="0" skipped="0" time="0.081629">
        <testcase name="relationships_receive_send_and_messages_work_and_are_ordered_desc" file="D:\class\Y3S3\SCC\Assignment2\laravel-chat-app\tests\Unit\UserModelTest.php" line="15" class="Tests\Unit\UserModelTest" classname="Tests.Unit.UserModelTest" assertions="5" time="0.061389"/>
        <testcase name="fillable_hidden_casts_hashing_and_searchable_are_correct" file="D:\class\Y3S3\SCC\Assignment2\laravel-chat-app\tests\Unit\UserModelTest.php" line="36" class="Tests\Unit\UserModelTest" classname="Tests.Unit.UserModelTest" assertions="7" time="0.020240"/>
      </testsuite>
    </testsuite>
    <testsuite name="Feature" tests="41" assertions="179" errors="0" failures="0" skipped="0" time="3.970573">
      <testsuite name="Tests\Feature\Auth\AuthenticatedSessionControllerTest" file="D:\class\Y3S3\SCC\Assignment2\laravel-chat-app\tests\Feature\Auth\AuthenticatedSessionControllerTest.php" tests="1" assertions="6" errors="0" failures="0" skipped="0" time="0.152983">
        <testcase name="test_destroy_logs_user_out_and_updates_status_and_last_seen" file="D:\class\Y3S3\SCC\Assignment2\laravel-chat-app\tests\Feature\Auth\AuthenticatedSessionControllerTest.php" line="14" class="Tests\Feature\Auth\AuthenticatedSessionControllerTest" classname="Tests.Feature.Auth.AuthenticatedSessionControllerTest" assertions="6" time="0.152983"/>
      </testsuite>
      <testsuite name="Tests\Feature\Auth\AuthenticationTest" file="D:\class\Y3S3\SCC\Assignment2\laravel-chat-app\tests\Feature\Auth\AuthenticationTest.php" tests="3" assertions="5" errors="0" failures="0" skipped="0" time="0.703403">
        <testcase name="test_login_screen_can_be_rendered" file="D:\class\Y3S3\SCC\Assignment2\laravel-chat-app\tests\Feature\Auth\AuthenticationTest.php" line="14" class="Tests\Feature\Auth\AuthenticationTest" classname="Tests.Feature.Auth.AuthenticationTest" assertions="1" time="0.285603"/>
        <testcase name="test_users_can_authenticate_using_the_login_screen" file="D:\class\Y3S3\SCC\Assignment2\laravel-chat-app\tests\Feature\Auth\AuthenticationTest.php" line="21" class="Tests\Feature\Auth\AuthenticationTest" classname="Tests.Feature.Auth.AuthenticationTest" assertions="3" time="0.146701"/>
        <testcase name="test_users_can_not_authenticate_with_invalid_password" file="D:\class\Y3S3\SCC\Assignment2\laravel-chat-app\tests\Feature\Auth\AuthenticationTest.php" line="34" class="Tests\Feature\Auth\AuthenticationTest" classname="Tests.Feature.Auth.AuthenticationTest" assertions="1" time="0.271099"/>
      </testsuite>
      <testsuite name="Tests\Feature\Auth\EmailVerificationNotificationControllerTest" file="D:\class\Y3S3\SCC\Assignment2\laravel-chat-app\tests\Feature\Auth\EmailVerificationNotificationControllerTest.php" tests="2" assertions="6" errors="0" failures="0" skipped="0" time="0.085259">
        <testcase name="test_unverified_user_receives_verification_notification" file="D:\class\Y3S3\SCC\Assignment2\laravel-chat-app\tests\Feature\Auth\EmailVerificationNotificationControllerTest.php" line="16" class="Tests\Feature\Auth\EmailVerificationNotificationControllerTest" classname="Tests.Feature.Auth.EmailVerificationNotificationControllerTest" assertions="3" time="0.041428"/>
        <testcase name="test_verified_user_is_redirected_to_home_without_sending" file="D:\class\Y3S3\SCC\Assignment2\laravel-chat-app\tests\Feature\Auth\EmailVerificationNotificationControllerTest.php" line="33" class="Tests\Feature\Auth\EmailVerificationNotificationControllerTest" classname="Tests.Feature.Auth.EmailVerificationNotificationControllerTest" assertions="3" time="0.043831"/>
      </testsuite>
      <testsuite name="Tests\Feature\Auth\EmailVerificationTest" file="D:\class\Y3S3\SCC\Assignment2\laravel-chat-app\tests\Feature\Auth\EmailVerificationTest.php" tests="3" assertions="6" errors="0" failures="0" skipped="0" time="0.208066">
        <testcase name="test_email_verification_screen_can_be_rendered" file="D:\class\Y3S3\SCC\Assignment2\laravel-chat-app\tests\Feature\Auth\EmailVerificationTest.php" line="17" class="Tests\Feature\Auth\EmailVerificationTest" classname="Tests.Feature.Auth.EmailVerificationTest" assertions="1" time="0.055015"/>
        <testcase name="test_email_can_be_verified" file="D:\class\Y3S3\SCC\Assignment2\laravel-chat-app\tests\Feature\Auth\EmailVerificationTest.php" line="28" class="Tests\Feature\Auth\EmailVerificationTest" classname="Tests.Feature.Auth.EmailVerificationTest" assertions="4" time="0.065352"/>
        <testcase name="test_email_is_not_verified_with_invalid_hash" file="D:\class\Y3S3\SCC\Assignment2\laravel-chat-app\tests\Feature\Auth\EmailVerificationTest.php" line="49" class="Tests\Feature\Auth\EmailVerificationTest" classname="Tests.Feature.Auth.EmailVerificationTest" assertions="1" time="0.087699"/>
      </testsuite>
      <testsuite name="Tests\Feature\Auth\NewPasswordControllerTest" file="D:\class\Y3S3\SCC\Assignment2\laravel-chat-app\tests\Feature\Auth\NewPasswordControllerTest.php" tests="3" assertions="29" errors="0" failures="0" skipped="0" time="0.138740">
        <testcase name="test_create_displays_reset_view_with_email_and_token" file="D:\class\Y3S3\SCC\Assignment2\laravel-chat-app\tests\Feature\Auth\NewPasswordControllerTest.php" line="18" class="Tests\Feature\Auth\NewPasswordControllerTest" classname="Tests.Feature.Auth.NewPasswordControllerTest" assertions="12" time="0.037695"/>
        <testcase name="test_store_resets_password_and_redirects_on_success" file="D:\class\Y3S3\SCC\Assignment2\laravel-chat-app\tests\Feature\Auth\NewPasswordControllerTest.php" line="30" class="Tests\Feature\Auth\NewPasswordControllerTest" classname="Tests.Feature.Auth.NewPasswordControllerTest" assertions="12" time="0.068426"/>
        <testcase name="test_store_returns_validation_error_when_reset_fails" file="D:\class\Y3S3\SCC\Assignment2\laravel-chat-app\tests\Feature\Auth\NewPasswordControllerTest.php" line="75" class="Tests\Feature\Auth\NewPasswordControllerTest" classname="Tests.Feature.Auth.NewPasswordControllerTest" assertions="5" time="0.032619"/>
      </testsuite>
      <testsuite name="Tests\Feature\Auth\PasswordConfirmationTest" file="D:\class\Y3S3\SCC\Assignment2\laravel-chat-app\tests\Feature\Auth\PasswordConfirmationTest.php" tests="3" assertions="4" errors="0" failures="0" skipped="0" time="0.428193">
        <testcase name="test_confirm_password_screen_can_be_rendered" file="D:\class\Y3S3\SCC\Assignment2\laravel-chat-app\tests\Feature\Auth\PasswordConfirmationTest.php" line="13" class="Tests\Feature\Auth\PasswordConfirmationTest" classname="Tests.Feature.Auth.PasswordConfirmationTest" assertions="1" time="0.059850"/>
        <testcase name="test_password_can_be_confirmed" file="D:\class\Y3S3\SCC\Assignment2\laravel-chat-app\tests\Feature\Auth\PasswordConfirmationTest.php" line="22" class="Tests\Feature\Auth\PasswordConfirmationTest" classname="Tests.Feature.Auth.PasswordConfirmationTest" assertions="2" time="0.091015"/>
        <testcase name="test_password_is_not_confirmed_with_invalid_password" file="D:\class\Y3S3\SCC\Assignment2\laravel-chat-app\tests\Feature\Auth\PasswordConfirmationTest.php" line="34" class="Tests\Feature\Auth\PasswordConfirmationTest" classname="Tests.Feature.Auth.PasswordConfirmationTest" assertions="1" time="0.277328"/>
      </testsuite>
      <testsuite name="Tests\Feature\Auth\PasswordResetTest" file="D:\class\Y3S3\SCC\Assignment2\laravel-chat-app\tests\Feature\Auth\PasswordResetTest.php" tests="4" assertions="6" errors="0" failures="0" skipped="0" time="0.249204">
        <testcase name="test_reset_password_link_screen_can_be_rendered" file="D:\class\Y3S3\SCC\Assignment2\laravel-chat-app\tests\Feature\Auth\PasswordResetTest.php" line="15" class="Tests\Feature\Auth\PasswordResetTest" classname="Tests.Feature.Auth.PasswordResetTest" assertions="1" time="0.038608"/>
        <testcase name="test_reset_password_link_can_be_requested" file="D:\class\Y3S3\SCC\Assignment2\laravel-chat-app\tests\Feature\Auth\PasswordResetTest.php" line="22" class="Tests\Feature\Auth\PasswordResetTest" classname="Tests.Feature.Auth.PasswordResetTest" assertions="1" time="0.058824"/>
        <testcase name="test_reset_password_screen_can_be_rendered" file="D:\class\Y3S3\SCC\Assignment2\laravel-chat-app\tests\Feature\Auth\PasswordResetTest.php" line="33" class="Tests\Feature\Auth\PasswordResetTest" classname="Tests.Feature.Auth.PasswordResetTest" assertions="2" time="0.071969"/>
        <testcase name="test_password_can_be_reset_with_valid_token" file="D:\class\Y3S3\SCC\Assignment2\laravel-chat-app\tests\Feature\Auth\PasswordResetTest.php" line="50" class="Tests\Feature\Auth\PasswordResetTest" classname="Tests.Feature.Auth.PasswordResetTest" assertions="2" time="0.079803"/>
      </testsuite>
      <testsuite name="Tests\Feature\Auth\PasswordUpdateTest" file="D:\class\Y3S3\SCC\Assignment2\laravel-chat-app\tests\Feature\Auth\PasswordUpdateTest.php" tests="2" assertions="8" errors="0" failures="0" skipped="0" time="0.251960">
        <testcase name="test_password_can_be_updated" file="D:\class\Y3S3\SCC\Assignment2\laravel-chat-app\tests\Feature\Auth\PasswordUpdateTest.php" line="14" class="Tests\Feature\Auth\PasswordUpdateTest" classname="Tests.Feature.Auth.PasswordUpdateTest" assertions="4" time="0.154224"/>
        <testcase name="test_correct_password_must_be_provided_to_update_password" file="D:\class\Y3S3\SCC\Assignment2\laravel-chat-app\tests\Feature\Auth\PasswordUpdateTest.php" line="34" class="Tests\Feature\Auth\PasswordUpdateTest" classname="Tests.Feature.Auth.PasswordUpdateTest" assertions="4" time="0.097736"/>
      </testsuite>
      <testsuite name="Tests\Feature\Auth\RegistrationTest" file="D:\class\Y3S3\SCC\Assignment2\laravel-chat-app\tests\Feature\Auth\RegistrationTest.php" tests="2" assertions="4" errors="0" failures="0" skipped="0" time="0.094204">
        <testcase name="test_registration_screen_can_be_rendered" file="D:\class\Y3S3\SCC\Assignment2\laravel-chat-app\tests\Feature\Auth\RegistrationTest.php" line="13" class="Tests\Feature\Auth\RegistrationTest" classname="Tests.Feature.Auth.RegistrationTest" assertions="1" time="0.032581"/>
        <testcase name="test_new_users_can_register" file="D:\class\Y3S3\SCC\Assignment2\laravel-chat-app\tests\Feature\Auth\RegistrationTest.php" line="20" class="Tests\Feature\Auth\RegistrationTest" classname="Tests.Feature.Auth.RegistrationTest" assertions="3" time="0.061623"/>
      </testsuite>
      <testsuite name="Tests\Feature\ChatControllerTest" file="D:\class\Y3S3\SCC\Assignment2\laravel-chat-app\tests\Feature\ChatControllerTest.php" tests="10" assertions="64" errors="0" failures="0" skipped="0" time="1.007340">
        <testcase name="test_guests_are_redirected_from_chat_routes" file="D:\class\Y3S3\SCC\Assignment2\laravel-chat-app\tests\Feature\ChatControllerTest.php" line="25" class="Tests\Feature\ChatControllerTest" classname="Tests.Feature.ChatControllerTest" assertions="10" time="0.128567"/>
        <testcase name="test_index_shows_users_list_in_inertia" file="D:\class\Y3S3\SCC\Assignment2\laravel-chat-app\tests\Feature\ChatControllerTest.php" line="46" class="Tests\Feature\ChatControllerTest" classname="Tests.Feature.ChatControllerTest" assertions="9" time="0.158008"/>
        <testcase name="test_show_redirects_when_chat_with_self" file="D:\class\Y3S3\SCC\Assignment2\laravel-chat-app\tests\Feature\ChatControllerTest.php" line="64" class="Tests\Feature\ChatControllerTest" classname="Tests.Feature.ChatControllerTest" assertions="2" time="0.041309"/>
        <testcase name="test_show_marks_unseen_messages_as_seen_and_dispatches_read_event" file="D:\class\Y3S3\SCC\Assignment2\laravel-chat-app\tests\Feature\ChatControllerTest.php" line="73" class="Tests\Feature\ChatControllerTest" classname="Tests.Feature.ChatControllerTest" assertions="14" time="0.158794"/>
        <testcase name="test_store_creates_message_and_broadcasts_event" file="D:\class\Y3S3\SCC\Assignment2\laravel-chat-app\tests\Feature\ChatControllerTest.php" line="102" class="Tests\Feature\ChatControllerTest" classname="Tests.Feature.ChatControllerTest" assertions="3" time="0.061777"/>
        <testcase name="test_update_only_sender_can_update_and_broadcasts_event" file="D:\class\Y3S3\SCC\Assignment2\laravel-chat-app\tests\Feature\ChatControllerTest.php" line="125" class="Tests\Feature\ChatControllerTest" classname="Tests.Feature.ChatControllerTest" assertions="3" time="0.090569"/>
        <testcase name="test_update_forbidden_for_non_sender" file="D:\class\Y3S3\SCC\Assignment2\laravel-chat-app\tests\Feature\ChatControllerTest.php" line="144" class="Tests\Feature\ChatControllerTest" classname="Tests.Feature.ChatControllerTest" assertions="3" time="0.095334"/>
        <testcase name="test_destroy_soft_deletes_and_broadcasts_event" file="D:\class\Y3S3\SCC\Assignment2\laravel-chat-app\tests\Feature\ChatControllerTest.php" line="162" class="Tests\Feature\ChatControllerTest" classname="Tests.Feature.ChatControllerTest" assertions="3" time="0.066911"/>
        <testcase name="test_destroy_forbidden_for_non_sender" file="D:\class\Y3S3\SCC\Assignment2\laravel-chat-app\tests\Feature\ChatControllerTest.php" line="178" class="Tests\Feature\ChatControllerTest" classname="Tests.Feature.ChatControllerTest" assertions="3" time="0.066328"/>
        <testcase name="test_show_inertia_contains_grouped_messages_structure" file="D:\class\Y3S3\SCC\Assignment2\laravel-chat-app\tests\Feature\ChatControllerTest.php" line="194" class="Tests\Feature\ChatControllerTest" classname="Tests.Feature.ChatControllerTest" assertions="14" time="0.139745"/>
      </testsuite>
      <testsuite name="Tests\Feature\ProfileTest" file="D:\class\Y3S3\SCC\Assignment2\laravel-chat-app\tests\Feature\ProfileTest.php" tests="5" assertions="21" errors="0" failures="0" skipped="0" time="0.428011">
        <testcase name="test_profile_page_is_displayed" file="D:\class\Y3S3\SCC\Assignment2\laravel-chat-app\tests\Feature\ProfileTest.php" line="13" class="Tests\Feature\ProfileTest" classname="Tests.Feature.ProfileTest" assertions="1" time="0.064054"/>
        <testcase name="test_profile_information_can_be_updated" file="D:\class\Y3S3\SCC\Assignment2\laravel-chat-app\tests\Feature\ProfileTest.php" line="24" class="Tests\Feature\ProfileTest" classname="Tests.Feature.ProfileTest" assertions="6" time="0.086311"/>
        <testcase name="test_email_verification_status_is_unchanged_when_the_email_address_is_unchanged" file="D:\class\Y3S3\SCC\Assignment2\laravel-chat-app\tests\Feature\ProfileTest.php" line="46" class="Tests\Feature\ProfileTest" classname="Tests.Feature.ProfileTest" assertions="4" time="0.076007"/>
        <testcase name="test_user_can_delete_their_account" file="D:\class\Y3S3\SCC\Assignment2\laravel-chat-app\tests\Feature\ProfileTest.php" line="64" class="Tests\Feature\ProfileTest" classname="Tests.Feature.ProfileTest" assertions="5" time="0.107266"/>
        <testcase name="test_correct_password_must_be_provided_to_delete_account" file="D:\class\Y3S3\SCC\Assignment2\laravel-chat-app\tests\Feature\ProfileTest.php" line="82" class="Tests\Feature\ProfileTest" classname="Tests.Feature.ProfileTest" assertions="5" time="0.094373"/>
      </testsuite>
      <testsuite name="Tests\Feature\UserControllerTest" file="D:\class\Y3S3\SCC\Assignment2\laravel-chat-app\tests\Feature\UserControllerTest.php" tests="3" assertions="20" errors="0" failures="0" skipped="0" time="0.223210">
        <testcase name="test_search_returns_matches_by_name_and_username" file="D:\class\Y3S3\SCC\Assignment2\laravel-chat-app\tests\Feature\UserControllerTest.php" line="20" class="Tests\Feature\UserControllerTest" classname="Tests.Feature.UserControllerTest" assertions="8" time="0.102898"/>
        <testcase name="test_search_returns_empty_when_no_matches" file="D:\class\Y3S3\SCC\Assignment2\laravel-chat-app\tests\Feature\UserControllerTest.php" line="48" class="Tests\Feature\UserControllerTest" classname="Tests.Feature.UserControllerTest" assertions="6" time="0.061020"/>
        <testcase name="test_search_works_with_no_query_parameter" file="D:\class\Y3S3\SCC\Assignment2\laravel-chat-app\tests\Feature\UserControllerTest.php" line="59" class="Tests\Feature\UserControllerTest" classname="Tests.Feature.UserControllerTest" assertions="6" time="0.059292"/>
      </testsuite>
    </testsuite>
  </testsuite>
</testsuites>
