<?xml version="1.0" encoding="UTF-8"?>
<testsuites>
  <testsuite name="C:\Users\ASUS\Desktop\laravel-chat-app\phpunit.xml" tests="76" assertions="240" errors="0" failures="0" skipped="0" time="16.881452">
    <testsuite name="Unit" tests="35" assertions="59" errors="0" failures="0" skipped="0" time="6.167954">
      <testsuite name="Tests\Unit\ChatModelTest" file="C:\Users\ASUS\Desktop\laravel-chat-app\tests\Unit\ChatModelTest.php" tests="3" assertions="9" errors="0" failures="0" skipped="0" time="1.084760">
        <testcase name="it_defines_expected_fillable_and_casts" file="C:\Users\ASUS\Desktop\laravel-chat-app\tests\Unit\ChatModelTest.php" line="15" class="Tests\Unit\ChatModelTest" classname="Tests.Unit.ChatModelTest" assertions="3" time="0.655759"/>
        <testcase name="relationships_sender_receiver_user_and_reply_work" file="C:\Users\ASUS\Desktop\laravel-chat-app\tests\Unit\ChatModelTest.php" line="31" class="Tests\Unit\ChatModelTest" classname="Tests.Unit.ChatModelTest" assertions="4" time="0.213219"/>
        <testcase name="factory_states_seen_and_deleted_work" file="C:\Users\ASUS\Desktop\laravel-chat-app\tests\Unit\ChatModelTest.php" line="50" class="Tests\Unit\ChatModelTest" classname="Tests.Unit.ChatModelTest" assertions="2" time="0.215783"/>
      </testsuite>
      <testsuite name="Tests\Unit\ChatRequestTest" file="C:\Users\ASUS\Desktop\laravel-chat-app\tests\Unit\ChatRequestTest.php" tests="8" assertions="12" errors="0" failures="0" skipped="0" time="1.632067">
        <testcase name="message_is_required" file="C:\Users\ASUS\Desktop\laravel-chat-app\tests\Unit\ChatRequestTest.php" line="17" class="Tests\Unit\ChatRequestTest" classname="Tests.Unit.ChatRequestTest" assertions="2" time="0.223477"/>
        <testcase name="message_must_be_string" file="C:\Users\ASUS\Desktop\laravel-chat-app\tests\Unit\ChatRequestTest.php" line="27" class="Tests\Unit\ChatRequestTest" classname="Tests.Unit.ChatRequestTest" assertions="2" time="0.199268"/>
        <testcase name="valid_message_passes_validation" file="C:\Users\ASUS\Desktop\laravel-chat-app\tests\Unit\ChatRequestTest.php" line="37" class="Tests\Unit\ChatRequestTest" classname="Tests.Unit.ChatRequestTest" assertions="1" time="0.206722"/>
        <testcase name="reply_id_is_optional" file="C:\Users\ASUS\Desktop\laravel-chat-app\tests\Unit\ChatRequestTest.php" line="46" class="Tests\Unit\ChatRequestTest" classname="Tests.Unit.ChatRequestTest" assertions="1" time="0.198846"/>
        <testcase name="reply_id_must_be_integer" file="C:\Users\ASUS\Desktop\laravel-chat-app\tests\Unit\ChatRequestTest.php" line="55" class="Tests\Unit\ChatRequestTest" classname="Tests.Unit.ChatRequestTest" assertions="2" time="0.199735"/>
        <testcase name="reply_id_must_exist_in_chats_table" file="C:\Users\ASUS\Desktop\laravel-chat-app\tests\Unit\ChatRequestTest.php" line="68" class="Tests\Unit\ChatRequestTest" classname="Tests.Unit.ChatRequestTest" assertions="2" time="0.198673"/>
        <testcase name="valid_reply_id_passes_validation" file="C:\Users\ASUS\Desktop\laravel-chat-app\tests\Unit\ChatRequestTest.php" line="81" class="Tests\Unit\ChatRequestTest" classname="Tests.Unit.ChatRequestTest" assertions="1" time="0.207838"/>
        <testcase name="authorize_returns_true" file="C:\Users\ASUS\Desktop\laravel-chat-app\tests\Unit\ChatRequestTest.php" line="101" class="Tests\Unit\ChatRequestTest" classname="Tests.Unit.ChatRequestTest" assertions="1" time="0.197508"/>
      </testsuite>
      <testsuite name="Tests\Unit\HelperTest" file="C:\Users\ASUS\Desktop\laravel-chat-app\tests\Unit\HelperTest.php" tests="10" assertions="10" errors="0" failures="0" skipped="0" time="0.361638">
        <testcase name="user_last_activity_status_returns_online_for_recent_activity" file="C:\Users\ASUS\Desktop\laravel-chat-app\tests\Unit\HelperTest.php" line="12" class="Tests\Unit\HelperTest" classname="Tests.Unit.HelperTest" assertions="1" time="0.050259"/>
        <testcase name="user_last_activity_status_returns_online_for_current_time" file="C:\Users\ASUS\Desktop\laravel-chat-app\tests\Unit\HelperTest.php" line="22" class="Tests\Unit\HelperTest" classname="Tests.Unit.HelperTest" assertions="1" time="0.036298"/>
        <testcase name="user_last_activity_status_returns_today_format_for_today" file="C:\Users\ASUS\Desktop\laravel-chat-app\tests\Unit\HelperTest.php" line="32" class="Tests\Unit\HelperTest" classname="Tests.Unit.HelperTest" assertions="1" time="0.035237"/>
        <testcase name="user_last_activity_status_returns_yesterday_format_for_yesterday" file="C:\Users\ASUS\Desktop\laravel-chat-app\tests\Unit\HelperTest.php" line="43" class="Tests\Unit\HelperTest" classname="Tests.Unit.HelperTest" assertions="1" time="0.035286"/>
        <testcase name="user_last_activity_status_returns_full_date_format_for_older_dates" file="C:\Users\ASUS\Desktop\laravel-chat-app\tests\Unit\HelperTest.php" line="54" class="Tests\Unit\HelperTest" classname="Tests.Unit.HelperTest" assertions="1" time="0.034360"/>
        <testcase name="user_last_activity_status_returns_null_for_null_timestamp" file="C:\Users\ASUS\Desktop\laravel-chat-app\tests\Unit\HelperTest.php" line="65" class="Tests\Unit\HelperTest" classname="Tests.Unit.HelperTest" assertions="1" time="0.033114"/>
        <testcase name="user_last_activity_status_boundary_test_at_five_seconds" file="C:\Users\ASUS\Desktop\laravel-chat-app\tests\Unit\HelperTest.php" line="74" class="Tests\Unit\HelperTest" classname="Tests.Unit.HelperTest" assertions="1" time="0.033729"/>
        <testcase name="user_last_activity_status_boundary_test_at_six_seconds" file="C:\Users\ASUS\Desktop\laravel-chat-app\tests\Unit\HelperTest.php" line="86" class="Tests\Unit\HelperTest" classname="Tests.Unit.HelperTest" assertions="1" time="0.034827"/>
        <testcase name="user_last_activity_status_boundary_test_at_four_seconds" file="C:\Users\ASUS\Desktop\laravel-chat-app\tests\Unit\HelperTest.php" line="98" class="Tests\Unit\HelperTest" classname="Tests.Unit.HelperTest" assertions="1" time="0.034639"/>
        <testcase name="user_last_activity_status_handles_specific_date_formats" file="C:\Users\ASUS\Desktop\laravel-chat-app\tests\Unit\HelperTest.php" line="109" class="Tests\Unit\HelperTest" classname="Tests.Unit.HelperTest" assertions="1" time="0.033889"/>
      </testsuite>
      <testsuite name="Tests\Unit\NewMessageEventTest" file="C:\Users\ASUS\Desktop\laravel-chat-app\tests\Unit\NewMessageEventTest.php" tests="6" assertions="8" errors="0" failures="0" skipped="0" time="1.321237">
        <testcase name="new_message_event_has_message_property" file="C:\Users\ASUS\Desktop\laravel-chat-app\tests\Unit\NewMessageEventTest.php" line="17" class="Tests\Unit\NewMessageEventTest" classname="Tests.Unit.NewMessageEventTest" assertions="1" time="0.227834"/>
        <testcase name="new_message_event_broadcasts_on_private_channel" file="C:\Users\ASUS\Desktop\laravel-chat-app\tests\Unit\NewMessageEventTest.php" line="26" class="Tests\Unit\NewMessageEventTest" classname="Tests.Unit.NewMessageEventTest" assertions="3" time="0.213309"/>
        <testcase name="new_message_event_implements_should_broadcast_now" file="C:\Users\ASUS\Desktop\laravel-chat-app\tests\Unit\NewMessageEventTest.php" line="42" class="Tests\Unit\NewMessageEventTest" classname="Tests.Unit.NewMessageEventTest" assertions="1" time="0.237285"/>
        <testcase name="new_message_event_uses_dispatchable_trait" file="C:\Users\ASUS\Desktop\laravel-chat-app\tests\Unit\NewMessageEventTest.php" line="51" class="Tests\Unit\NewMessageEventTest" classname="Tests.Unit.NewMessageEventTest" assertions="1" time="0.233806"/>
        <testcase name="new_message_event_uses_interacts_with_sockets_trait" file="C:\Users\ASUS\Desktop\laravel-chat-app\tests\Unit\NewMessageEventTest.php" line="60" class="Tests\Unit\NewMessageEventTest" classname="Tests.Unit.NewMessageEventTest" assertions="1" time="0.201702"/>
        <testcase name="new_message_event_uses_serializes_models_trait" file="C:\Users\ASUS\Desktop\laravel-chat-app\tests\Unit\NewMessageEventTest.php" line="69" class="Tests\Unit\NewMessageEventTest" classname="Tests.Unit.NewMessageEventTest" assertions="1" time="0.207302"/>
      </testsuite>
      <testsuite name="Tests\Unit\ReadMessageEventTest" file="C:\Users\ASUS\Desktop\laravel-chat-app\tests\Unit\ReadMessageEventTest.php" tests="6" assertions="8" errors="0" failures="0" skipped="0" time="1.280525">
        <testcase name="read_message_event_has_message_property" file="C:\Users\ASUS\Desktop\laravel-chat-app\tests\Unit\ReadMessageEventTest.php" line="17" class="Tests\Unit\ReadMessageEventTest" classname="Tests.Unit.ReadMessageEventTest" assertions="1" time="0.222968"/>
        <testcase name="read_message_event_broadcasts_on_private_channel" file="C:\Users\ASUS\Desktop\laravel-chat-app\tests\Unit\ReadMessageEventTest.php" line="26" class="Tests\Unit\ReadMessageEventTest" classname="Tests.Unit.ReadMessageEventTest" assertions="3" time="0.210087"/>
        <testcase name="read_message_event_implements_should_broadcast_now" file="C:\Users\ASUS\Desktop\laravel-chat-app\tests\Unit\ReadMessageEventTest.php" line="42" class="Tests\Unit\ReadMessageEventTest" classname="Tests.Unit.ReadMessageEventTest" assertions="1" time="0.208530"/>
        <testcase name="read_message_event_uses_dispatchable_trait" file="C:\Users\ASUS\Desktop\laravel-chat-app\tests\Unit\ReadMessageEventTest.php" line="51" class="Tests\Unit\ReadMessageEventTest" classname="Tests.Unit.ReadMessageEventTest" assertions="1" time="0.199038"/>
        <testcase name="read_message_event_uses_interacts_with_sockets_trait" file="C:\Users\ASUS\Desktop\laravel-chat-app\tests\Unit\ReadMessageEventTest.php" line="60" class="Tests\Unit\ReadMessageEventTest" classname="Tests.Unit.ReadMessageEventTest" assertions="1" time="0.216983"/>
        <testcase name="read_message_event_uses_serializes_models_trait" file="C:\Users\ASUS\Desktop\laravel-chat-app\tests\Unit\ReadMessageEventTest.php" line="69" class="Tests\Unit\ReadMessageEventTest" classname="Tests.Unit.ReadMessageEventTest" assertions="1" time="0.222919"/>
      </testsuite>
      <testsuite name="Tests\Unit\UserModelTest" file="C:\Users\ASUS\Desktop\laravel-chat-app\tests\Unit\UserModelTest.php" tests="2" assertions="12" errors="0" failures="0" skipped="0" time="0.487727">
        <testcase name="relationships_receive_send_and_messages_work_and_are_ordered_desc" file="C:\Users\ASUS\Desktop\laravel-chat-app\tests\Unit\UserModelTest.php" line="15" class="Tests\Unit\UserModelTest" classname="Tests.Unit.UserModelTest" assertions="5" time="0.247592"/>
        <testcase name="fillable_hidden_casts_hashing_and_searchable_are_correct" file="C:\Users\ASUS\Desktop\laravel-chat-app\tests\Unit\UserModelTest.php" line="36" class="Tests\Unit\UserModelTest" classname="Tests.Unit.UserModelTest" assertions="7" time="0.240134"/>
      </testsuite>
    </testsuite>
    <testsuite name="Feature" tests="41" assertions="181" errors="0" failures="0" skipped="0" time="10.713497">
      <testsuite name="Tests\Feature\Auth\AuthenticatedSessionControllerTest" file="C:\Users\ASUS\Desktop\laravel-chat-app\tests\Feature\Auth\AuthenticatedSessionControllerTest.php" tests="1" assertions="6" errors="0" failures="0" skipped="0" time="0.363236">
        <testcase name="test_destroy_logs_user_out_and_updates_status_and_last_seen" file="C:\Users\ASUS\Desktop\laravel-chat-app\tests\Feature\Auth\AuthenticatedSessionControllerTest.php" line="14" class="Tests\Feature\Auth\AuthenticatedSessionControllerTest" classname="Tests.Feature.Auth.AuthenticatedSessionControllerTest" assertions="6" time="0.363236"/>
      </testsuite>
      <testsuite name="Tests\Feature\Auth\AuthenticationTest" file="C:\Users\ASUS\Desktop\laravel-chat-app\tests\Feature\Auth\AuthenticationTest.php" tests="3" assertions="5" errors="0" failures="0" skipped="0" time="1.026193">
        <testcase name="test_login_screen_can_be_rendered" file="C:\Users\ASUS\Desktop\laravel-chat-app\tests\Feature\Auth\AuthenticationTest.php" line="14" class="Tests\Feature\Auth\AuthenticationTest" classname="Tests.Feature.Auth.AuthenticationTest" assertions="1" time="0.368963"/>
        <testcase name="test_users_can_authenticate_using_the_login_screen" file="C:\Users\ASUS\Desktop\laravel-chat-app\tests\Feature\Auth\AuthenticationTest.php" line="21" class="Tests\Feature\Auth\AuthenticationTest" classname="Tests.Feature.Auth.AuthenticationTest" assertions="3" time="0.238042"/>
        <testcase name="test_users_can_not_authenticate_with_invalid_password" file="C:\Users\ASUS\Desktop\laravel-chat-app\tests\Feature\Auth\AuthenticationTest.php" line="34" class="Tests\Feature\Auth\AuthenticationTest" classname="Tests.Feature.Auth.AuthenticationTest" assertions="1" time="0.419189"/>
      </testsuite>
      <testsuite name="Tests\Feature\Auth\EmailVerificationNotificationControllerTest" file="C:\Users\ASUS\Desktop\laravel-chat-app\tests\Feature\Auth\EmailVerificationNotificationControllerTest.php" tests="2" assertions="6" errors="0" failures="0" skipped="0" time="0.443240">
        <testcase name="test_unverified_user_receives_verification_notification" file="C:\Users\ASUS\Desktop\laravel-chat-app\tests\Feature\Auth\EmailVerificationNotificationControllerTest.php" line="16" class="Tests\Feature\Auth\EmailVerificationNotificationControllerTest" classname="Tests.Feature.Auth.EmailVerificationNotificationControllerTest" assertions="3" time="0.225425"/>
        <testcase name="test_verified_user_is_redirected_to_home_without_sending" file="C:\Users\ASUS\Desktop\laravel-chat-app\tests\Feature\Auth\EmailVerificationNotificationControllerTest.php" line="33" class="Tests\Feature\Auth\EmailVerificationNotificationControllerTest" classname="Tests.Feature.Auth.EmailVerificationNotificationControllerTest" assertions="3" time="0.217815"/>
      </testsuite>
      <testsuite name="Tests\Feature\Auth\EmailVerificationTest" file="C:\Users\ASUS\Desktop\laravel-chat-app\tests\Feature\Auth\EmailVerificationTest.php" tests="3" assertions="6" errors="0" failures="0" skipped="0" time="0.794238">
        <testcase name="test_email_verification_screen_can_be_rendered" file="C:\Users\ASUS\Desktop\laravel-chat-app\tests\Feature\Auth\EmailVerificationTest.php" line="17" class="Tests\Feature\Auth\EmailVerificationTest" classname="Tests.Feature.Auth.EmailVerificationTest" assertions="1" time="0.271026"/>
        <testcase name="test_email_can_be_verified" file="C:\Users\ASUS\Desktop\laravel-chat-app\tests\Feature\Auth\EmailVerificationTest.php" line="28" class="Tests\Feature\Auth\EmailVerificationTest" classname="Tests.Feature.Auth.EmailVerificationTest" assertions="4" time="0.271898"/>
        <testcase name="test_email_is_not_verified_with_invalid_hash" file="C:\Users\ASUS\Desktop\laravel-chat-app\tests\Feature\Auth\EmailVerificationTest.php" line="49" class="Tests\Feature\Auth\EmailVerificationTest" classname="Tests.Feature.Auth.EmailVerificationTest" assertions="1" time="0.251313"/>
      </testsuite>
      <testsuite name="Tests\Feature\Auth\NewPasswordControllerTest" file="C:\Users\ASUS\Desktop\laravel-chat-app\tests\Feature\Auth\NewPasswordControllerTest.php" tests="3" assertions="29" errors="0" failures="0" skipped="0" time="0.773339">
        <testcase name="test_create_displays_reset_view_with_email_and_token" file="C:\Users\ASUS\Desktop\laravel-chat-app\tests\Feature\Auth\NewPasswordControllerTest.php" line="18" class="Tests\Feature\Auth\NewPasswordControllerTest" classname="Tests.Feature.Auth.NewPasswordControllerTest" assertions="12" time="0.260443"/>
        <testcase name="test_store_resets_password_and_redirects_on_success" file="C:\Users\ASUS\Desktop\laravel-chat-app\tests\Feature\Auth\NewPasswordControllerTest.php" line="30" class="Tests\Feature\Auth\NewPasswordControllerTest" classname="Tests.Feature.Auth.NewPasswordControllerTest" assertions="12" time="0.269811"/>
        <testcase name="test_store_returns_validation_error_when_reset_fails" file="C:\Users\ASUS\Desktop\laravel-chat-app\tests\Feature\Auth\NewPasswordControllerTest.php" line="75" class="Tests\Feature\Auth\NewPasswordControllerTest" classname="Tests.Feature.Auth.NewPasswordControllerTest" assertions="5" time="0.243086"/>
      </testsuite>
      <testsuite name="Tests\Feature\Auth\PasswordConfirmationTest" file="C:\Users\ASUS\Desktop\laravel-chat-app\tests\Feature\Auth\PasswordConfirmationTest.php" tests="3" assertions="4" errors="0" failures="0" skipped="0" time="0.965084">
        <testcase name="test_confirm_password_screen_can_be_rendered" file="C:\Users\ASUS\Desktop\laravel-chat-app\tests\Feature\Auth\PasswordConfirmationTest.php" line="13" class="Tests\Feature\Auth\PasswordConfirmationTest" classname="Tests.Feature.Auth.PasswordConfirmationTest" assertions="1" time="0.263648"/>
        <testcase name="test_password_can_be_confirmed" file="C:\Users\ASUS\Desktop\laravel-chat-app\tests\Feature\Auth\PasswordConfirmationTest.php" line="22" class="Tests\Feature\Auth\PasswordConfirmationTest" classname="Tests.Feature.Auth.PasswordConfirmationTest" assertions="2" time="0.263164"/>
        <testcase name="test_password_is_not_confirmed_with_invalid_password" file="C:\Users\ASUS\Desktop\laravel-chat-app\tests\Feature\Auth\PasswordConfirmationTest.php" line="34" class="Tests\Feature\Auth\PasswordConfirmationTest" classname="Tests.Feature.Auth.PasswordConfirmationTest" assertions="1" time="0.438273"/>
      </testsuite>
      <testsuite name="Tests\Feature\Auth\PasswordResetTest" file="C:\Users\ASUS\Desktop\laravel-chat-app\tests\Feature\Auth\PasswordResetTest.php" tests="4" assertions="6" errors="0" failures="0" skipped="0" time="1.019154">
        <testcase name="test_reset_password_link_screen_can_be_rendered" file="C:\Users\ASUS\Desktop\laravel-chat-app\tests\Feature\Auth\PasswordResetTest.php" line="15" class="Tests\Feature\Auth\PasswordResetTest" classname="Tests.Feature.Auth.PasswordResetTest" assertions="1" time="0.229310"/>
        <testcase name="test_reset_password_link_can_be_requested" file="C:\Users\ASUS\Desktop\laravel-chat-app\tests\Feature\Auth\PasswordResetTest.php" line="22" class="Tests\Feature\Auth\PasswordResetTest" classname="Tests.Feature.Auth.PasswordResetTest" assertions="1" time="0.223169"/>
        <testcase name="test_reset_password_screen_can_be_rendered" file="C:\Users\ASUS\Desktop\laravel-chat-app\tests\Feature\Auth\PasswordResetTest.php" line="33" class="Tests\Feature\Auth\PasswordResetTest" classname="Tests.Feature.Auth.PasswordResetTest" assertions="2" time="0.249434"/>
        <testcase name="test_password_can_be_reset_with_valid_token" file="C:\Users\ASUS\Desktop\laravel-chat-app\tests\Feature\Auth\PasswordResetTest.php" line="50" class="Tests\Feature\Auth\PasswordResetTest" classname="Tests.Feature.Auth.PasswordResetTest" assertions="2" time="0.317241"/>
      </testsuite>
      <testsuite name="Tests\Feature\Auth\PasswordUpdateTest" file="C:\Users\ASUS\Desktop\laravel-chat-app\tests\Feature\Auth\PasswordUpdateTest.php" tests="2" assertions="8" errors="0" failures="0" skipped="0" time="0.467450">
        <testcase name="test_password_can_be_updated" file="C:\Users\ASUS\Desktop\laravel-chat-app\tests\Feature\Auth\PasswordUpdateTest.php" line="14" class="Tests\Feature\Auth\PasswordUpdateTest" classname="Tests.Feature.Auth.PasswordUpdateTest" assertions="4" time="0.237863"/>
        <testcase name="test_correct_password_must_be_provided_to_update_password" file="C:\Users\ASUS\Desktop\laravel-chat-app\tests\Feature\Auth\PasswordUpdateTest.php" line="34" class="Tests\Feature\Auth\PasswordUpdateTest" classname="Tests.Feature.Auth.PasswordUpdateTest" assertions="4" time="0.229587"/>
      </testsuite>
      <testsuite name="Tests\Feature\Auth\RegistrationTest" file="C:\Users\ASUS\Desktop\laravel-chat-app\tests\Feature\Auth\RegistrationTest.php" tests="2" assertions="6" errors="0" failures="0" skipped="0" time="0.477239">
        <testcase name="test_registration_screen_can_be_rendered" file="C:\Users\ASUS\Desktop\laravel-chat-app\tests\Feature\Auth\RegistrationTest.php" line="14" class="Tests\Feature\Auth\RegistrationTest" classname="Tests.Feature.Auth.RegistrationTest" assertions="1" time="0.227765"/>
        <testcase name="test_new_users_can_register" file="C:\Users\ASUS\Desktop\laravel-chat-app\tests\Feature\Auth\RegistrationTest.php" line="21" class="Tests\Feature\Auth\RegistrationTest" classname="Tests.Feature.Auth.RegistrationTest" assertions="5" time="0.249474"/>
      </testsuite>
      <testsuite name="Tests\Feature\ChatControllerTest" file="C:\Users\ASUS\Desktop\laravel-chat-app\tests\Feature\ChatControllerTest.php" tests="10" assertions="64" errors="0" failures="0" skipped="0" time="2.493834">
        <testcase name="test_guests_are_redirected_from_chat_routes" file="C:\Users\ASUS\Desktop\laravel-chat-app\tests\Feature\ChatControllerTest.php" line="25" class="Tests\Feature\ChatControllerTest" classname="Tests.Feature.ChatControllerTest" assertions="10" time="0.265933"/>
        <testcase name="test_index_shows_users_list_in_inertia" file="C:\Users\ASUS\Desktop\laravel-chat-app\tests\Feature\ChatControllerTest.php" line="46" class="Tests\Feature\ChatControllerTest" classname="Tests.Feature.ChatControllerTest" assertions="9" time="0.272820"/>
        <testcase name="test_show_redirects_when_chat_with_self" file="C:\Users\ASUS\Desktop\laravel-chat-app\tests\Feature\ChatControllerTest.php" line="64" class="Tests\Feature\ChatControllerTest" classname="Tests.Feature.ChatControllerTest" assertions="2" time="0.225804"/>
        <testcase name="test_show_marks_unseen_messages_as_seen_and_dispatches_read_event" file="C:\Users\ASUS\Desktop\laravel-chat-app\tests\Feature\ChatControllerTest.php" line="73" class="Tests\Feature\ChatControllerTest" classname="Tests.Feature.ChatControllerTest" assertions="14" time="0.278393"/>
        <testcase name="test_store_creates_message_and_broadcasts_event" file="C:\Users\ASUS\Desktop\laravel-chat-app\tests\Feature\ChatControllerTest.php" line="102" class="Tests\Feature\ChatControllerTest" classname="Tests.Feature.ChatControllerTest" assertions="3" time="0.239299"/>
        <testcase name="test_update_only_sender_can_update_and_broadcasts_event" file="C:\Users\ASUS\Desktop\laravel-chat-app\tests\Feature\ChatControllerTest.php" line="125" class="Tests\Feature\ChatControllerTest" classname="Tests.Feature.ChatControllerTest" assertions="3" time="0.231358"/>
        <testcase name="test_update_forbidden_for_non_sender" file="C:\Users\ASUS\Desktop\laravel-chat-app\tests\Feature\ChatControllerTest.php" line="144" class="Tests\Feature\ChatControllerTest" classname="Tests.Feature.ChatControllerTest" assertions="3" time="0.234540"/>
        <testcase name="test_destroy_soft_deletes_and_broadcasts_event" file="C:\Users\ASUS\Desktop\laravel-chat-app\tests\Feature\ChatControllerTest.php" line="162" class="Tests\Feature\ChatControllerTest" classname="Tests.Feature.ChatControllerTest" assertions="3" time="0.235147"/>
        <testcase name="test_destroy_forbidden_for_non_sender" file="C:\Users\ASUS\Desktop\laravel-chat-app\tests\Feature\ChatControllerTest.php" line="178" class="Tests\Feature\ChatControllerTest" classname="Tests.Feature.ChatControllerTest" assertions="3" time="0.234555"/>
        <testcase name="test_show_inertia_contains_grouped_messages_structure" file="C:\Users\ASUS\Desktop\laravel-chat-app\tests\Feature\ChatControllerTest.php" line="194" class="Tests\Feature\ChatControllerTest" classname="Tests.Feature.ChatControllerTest" assertions="14" time="0.275984"/>
      </testsuite>
      <testsuite name="Tests\Feature\ProfileTest" file="C:\Users\ASUS\Desktop\laravel-chat-app\tests\Feature\ProfileTest.php" tests="5" assertions="21" errors="0" failures="0" skipped="0" time="1.156214">
        <testcase name="test_profile_page_is_displayed" file="C:\Users\ASUS\Desktop\laravel-chat-app\tests\Feature\ProfileTest.php" line="13" class="Tests\Feature\ProfileTest" classname="Tests.Feature.ProfileTest" assertions="1" time="0.242402"/>
        <testcase name="test_profile_information_can_be_updated" file="C:\Users\ASUS\Desktop\laravel-chat-app\tests\Feature\ProfileTest.php" line="24" class="Tests\Feature\ProfileTest" classname="Tests.Feature.ProfileTest" assertions="6" time="0.228298"/>
        <testcase name="test_email_verification_status_is_unchanged_when_the_email_address_is_unchanged" file="C:\Users\ASUS\Desktop\laravel-chat-app\tests\Feature\ProfileTest.php" line="46" class="Tests\Feature\ProfileTest" classname="Tests.Feature.ProfileTest" assertions="4" time="0.229545"/>
        <testcase name="test_user_can_delete_their_account" file="C:\Users\ASUS\Desktop\laravel-chat-app\tests\Feature\ProfileTest.php" line="64" class="Tests\Feature\ProfileTest" classname="Tests.Feature.ProfileTest" assertions="5" time="0.227421"/>
        <testcase name="test_correct_password_must_be_provided_to_delete_account" file="C:\Users\ASUS\Desktop\laravel-chat-app\tests\Feature\ProfileTest.php" line="82" class="Tests\Feature\ProfileTest" classname="Tests.Feature.ProfileTest" assertions="5" time="0.228547"/>
      </testsuite>
      <testsuite name="Tests\Feature\UserControllerTest" file="C:\Users\ASUS\Desktop\laravel-chat-app\tests\Feature\UserControllerTest.php" tests="3" assertions="20" errors="0" failures="0" skipped="0" time="0.734278">
        <testcase name="test_search_returns_matches_by_name_and_username" file="C:\Users\ASUS\Desktop\laravel-chat-app\tests\Feature\UserControllerTest.php" line="20" class="Tests\Feature\UserControllerTest" classname="Tests.Feature.UserControllerTest" assertions="8" time="0.259405"/>
        <testcase name="test_search_returns_empty_when_no_matches" file="C:\Users\ASUS\Desktop\laravel-chat-app\tests\Feature\UserControllerTest.php" line="48" class="Tests\Feature\UserControllerTest" classname="Tests.Feature.UserControllerTest" assertions="6" time="0.248514"/>
        <testcase name="test_search_works_with_no_query_parameter" file="C:\Users\ASUS\Desktop\laravel-chat-app\tests\Feature\UserControllerTest.php" line="59" class="Tests\Feature\UserControllerTest" classname="Tests.Feature.UserControllerTest" assertions="6" time="0.226359"/>
      </testsuite>
    </testsuite>
  </testsuite>
</testsuites>
